<?xml version="1.0" encoding="UTF-8"?>
<!-- Generated by org.testng.reporters.JUnitXMLReporter -->
<testsuite hostname="Soumya-PC" ignored="0" name="chromebrowser1" tests="3" failures="0" timestamp="04 Sep 2019 15:39:44 GMT" time="33.277" errors="0">
  <testcase name="@AfterMethod configAM" time="20.208" classname="com.actitime.genericlib.Baseclass">
    <failure type="org.openqa.selenium.NoSuchElementException" message="Cannot locate an element using link text=Logout
For documentation on this error, please visit: https://www.seleniumhq.org/exceptions/no_such_element.html
Build info: version: &amp;apos;3.141.59&amp;apos;, revision: &amp;apos;e82be7d358&amp;apos;, time: &amp;apos;2018-11-14T08:25:48&amp;apos;
System info: host: &amp;apos;SOUMYA-PC&amp;apos;, ip: &amp;apos;192.168.137.1&amp;apos;, os.name: &amp;apos;Windows 7&amp;apos;, os.arch: &amp;apos;amd64&amp;apos;, os.version: &amp;apos;6.1&amp;apos;, java.version: &amp;apos;1.8.0_131&amp;apos;
Driver info: driver.version: RemoteWebDriver">
      <![CDATA[org.openqa.selenium.NoSuchElementException: Cannot locate an element using link text=Logout
For documentation on this error, please visit: https://www.seleniumhq.org/exceptions/no_such_element.html
Build info: version: '3.141.59', revision: 'e82be7d358', time: '2018-11-14T08:25:48'
System info: host: 'SOUMYA-PC', ip: '192.168.137.1', os.name: 'Windows 7', os.arch: 'amd64', os.version: '6.1', java.version: '1.8.0_131'
Driver info: driver.version: RemoteWebDriver
	at org.openqa.selenium.remote.RemoteWebDriver.findElement(RemoteWebDriver.java:327)
	at org.openqa.selenium.remote.RemoteWebDriver.findElementByLinkText(RemoteWebDriver.java:380)
	at org.openqa.selenium.By$ByLinkText.findElement(By.java:220)
	at org.openqa.selenium.remote.RemoteWebDriver.findElement(RemoteWebDriver.java:315)
	at com.actitime.genericlib.Baseclass.configAM(Baseclass.java:69)
	at java.util.concurrent.FutureTask.run(Unknown Source)
	at java.util.concurrent.ThreadPoolExecutor.runWorker(Unknown Source)
	at java.util.concurrent.ThreadPoolExecutor$Worker.run(Unknown Source)
	at java.lang.Thread.run(Unknown Source)
... Removed 18 stack frames]]>
    </failure>
  </testcase> <!-- @AfterMethod configAM -->
  <testcase name="@BeforeMethod configBM1" time="0.0" classname="com.actitime.genericlib.Baseclass">
    <skipped/>
  </testcase> <!-- @BeforeMethod configBM1 -->
  <testcase name="@BeforeMethod configBM1" time="0.0" classname="com.actitime.genericlib.Baseclass">
    <skipped/>
  </testcase> <!-- @BeforeMethod configBM1 -->
  <testcase name="createprojectTest" time="0.011" classname="com.actitime.projectTest.ProjectTest"/>
  <testcase name="modifyprojectTest" time="0.0" classname="com.actitime.projectTest.ProjectTest">
    <skipped/>
  </testcase> <!-- modifyprojectTest -->
  <testcase name="deleteprojectTest" time="0.0" classname="com.actitime.projectTest.ProjectTest">
    <skipped/>
  </testcase> <!-- deleteprojectTest -->
</testsuite> <!-- chromebrowser1 -->
